ARM GAS  /tmp/cczahzn6.s 			page 1


   1              		.cpu cortex-m4
   2              		.eabi_attribute 27, 1
   3              		.eabi_attribute 28, 1
   4              		.eabi_attribute 20, 1
   5              		.eabi_attribute 21, 1
   6              		.eabi_attribute 23, 3
   7              		.eabi_attribute 24, 1
   8              		.eabi_attribute 25, 1
   9              		.eabi_attribute 26, 1
  10              		.eabi_attribute 30, 1
  11              		.eabi_attribute 34, 1
  12              		.eabi_attribute 18, 4
  13              		.file	"gpio.c"
  14              		.text
  15              	.Ltext0:
  16              		.cfi_sections	.debug_frame
  17              		.section	.text.MX_GPIO_Init,"ax",%progbits
  18              		.align	1
  19              		.global	MX_GPIO_Init
  20              		.syntax unified
  21              		.thumb
  22              		.thumb_func
  23              		.fpu fpv4-sp-d16
  25              	MX_GPIO_Init:
  26              	.LFB132:
  27              		.file 1 "Core/Src/gpio.c"
   1:Core/Src/gpio.c **** /**
   2:Core/Src/gpio.c ****   ******************************************************************************
   3:Core/Src/gpio.c ****   * File Name          : gpio.c
   4:Core/Src/gpio.c ****   * Description        : This file provides code for the configuration
   5:Core/Src/gpio.c ****   *                      of all used GPIO pins.
   6:Core/Src/gpio.c ****   ******************************************************************************
   7:Core/Src/gpio.c ****   * @attention
   8:Core/Src/gpio.c ****   *
   9:Core/Src/gpio.c ****   * <h2><center>&copy; Copyright (c) 2020 STMicroelectronics.
  10:Core/Src/gpio.c ****   * All rights reserved.</center></h2>
  11:Core/Src/gpio.c ****   *
  12:Core/Src/gpio.c ****   * This software component is licensed by ST under BSD 3-Clause license,
  13:Core/Src/gpio.c ****   * the "License"; You may not use this file except in compliance with the
  14:Core/Src/gpio.c ****   * License. You may obtain a copy of the License at:
  15:Core/Src/gpio.c ****   *                        opensource.org/licenses/BSD-3-Clause
  16:Core/Src/gpio.c ****   *
  17:Core/Src/gpio.c ****   ******************************************************************************
  18:Core/Src/gpio.c ****   */
  19:Core/Src/gpio.c **** 
  20:Core/Src/gpio.c **** /* Includes ------------------------------------------------------------------*/
  21:Core/Src/gpio.c **** #include "gpio.h"
  22:Core/Src/gpio.c **** /* USER CODE BEGIN 0 */
  23:Core/Src/gpio.c **** 
  24:Core/Src/gpio.c **** /* USER CODE END 0 */
  25:Core/Src/gpio.c **** 
  26:Core/Src/gpio.c **** /*----------------------------------------------------------------------------*/
  27:Core/Src/gpio.c **** /* Configure GPIO                                                             */
  28:Core/Src/gpio.c **** /*----------------------------------------------------------------------------*/
  29:Core/Src/gpio.c **** /* USER CODE BEGIN 1 */
  30:Core/Src/gpio.c **** 
  31:Core/Src/gpio.c **** /* USER CODE END 1 */
ARM GAS  /tmp/cczahzn6.s 			page 2


  32:Core/Src/gpio.c **** 
  33:Core/Src/gpio.c **** /** Configure pins as
  34:Core/Src/gpio.c ****         * Analog
  35:Core/Src/gpio.c ****         * Input
  36:Core/Src/gpio.c ****         * Output
  37:Core/Src/gpio.c ****         * EVENT_OUT
  38:Core/Src/gpio.c ****         * EXTI
  39:Core/Src/gpio.c ****         * Free pins are configured automatically as Analog (this feature is enabled through
  40:Core/Src/gpio.c ****         * the Code Generation settings)
  41:Core/Src/gpio.c **** */
  42:Core/Src/gpio.c **** void MX_GPIO_Init(void)
  43:Core/Src/gpio.c **** {
  28              		.loc 1 43 0
  29              		.cfi_startproc
  30              		@ args = 0, pretend = 0, frame = 48
  31              		@ frame_needed = 0, uses_anonymous_args = 0
  32 0000 70B5     		push	{r4, r5, r6, lr}
  33              	.LCFI0:
  34              		.cfi_def_cfa_offset 16
  35              		.cfi_offset 4, -16
  36              		.cfi_offset 5, -12
  37              		.cfi_offset 6, -8
  38              		.cfi_offset 14, -4
  39 0002 8CB0     		sub	sp, sp, #48
  40              	.LCFI1:
  41              		.cfi_def_cfa_offset 64
  44:Core/Src/gpio.c **** 
  45:Core/Src/gpio.c ****   GPIO_InitTypeDef GPIO_InitStruct = {0};
  42              		.loc 1 45 0
  43 0004 0024     		movs	r4, #0
  44 0006 0794     		str	r4, [sp, #28]
  45 0008 0894     		str	r4, [sp, #32]
  46 000a 0994     		str	r4, [sp, #36]
  47 000c 0A94     		str	r4, [sp, #40]
  48 000e 0B94     		str	r4, [sp, #44]
  49              	.LBB2:
  46:Core/Src/gpio.c **** 
  47:Core/Src/gpio.c ****   /* GPIO Ports Clock Enable */
  48:Core/Src/gpio.c ****   __HAL_RCC_GPIOC_CLK_ENABLE();
  50              		.loc 1 48 0
  51 0010 454B     		ldr	r3, .L3
  52 0012 DA6C     		ldr	r2, [r3, #76]
  53 0014 42F00402 		orr	r2, r2, #4
  54 0018 DA64     		str	r2, [r3, #76]
  55 001a DA6C     		ldr	r2, [r3, #76]
  56 001c 02F00402 		and	r2, r2, #4
  57 0020 0192     		str	r2, [sp, #4]
  58 0022 019A     		ldr	r2, [sp, #4]
  59              	.LBE2:
  60              	.LBB3:
  49:Core/Src/gpio.c ****   __HAL_RCC_GPIOF_CLK_ENABLE();
  61              		.loc 1 49 0
  62 0024 DA6C     		ldr	r2, [r3, #76]
  63 0026 42F02002 		orr	r2, r2, #32
  64 002a DA64     		str	r2, [r3, #76]
  65 002c DA6C     		ldr	r2, [r3, #76]
  66 002e 02F02002 		and	r2, r2, #32
ARM GAS  /tmp/cczahzn6.s 			page 3


  67 0032 0292     		str	r2, [sp, #8]
  68 0034 029A     		ldr	r2, [sp, #8]
  69              	.LBE3:
  70              	.LBB4:
  50:Core/Src/gpio.c ****   __HAL_RCC_GPIOG_CLK_ENABLE();
  71              		.loc 1 50 0
  72 0036 DA6C     		ldr	r2, [r3, #76]
  73 0038 42F04002 		orr	r2, r2, #64
  74 003c DA64     		str	r2, [r3, #76]
  75 003e DA6C     		ldr	r2, [r3, #76]
  76 0040 02F04002 		and	r2, r2, #64
  77 0044 0392     		str	r2, [sp, #12]
  78 0046 039A     		ldr	r2, [sp, #12]
  79              	.LBE4:
  80              	.LBB5:
  51:Core/Src/gpio.c ****   __HAL_RCC_GPIOA_CLK_ENABLE();
  81              		.loc 1 51 0
  82 0048 DA6C     		ldr	r2, [r3, #76]
  83 004a 42F00102 		orr	r2, r2, #1
  84 004e DA64     		str	r2, [r3, #76]
  85 0050 DA6C     		ldr	r2, [r3, #76]
  86 0052 02F00102 		and	r2, r2, #1
  87 0056 0492     		str	r2, [sp, #16]
  88 0058 049A     		ldr	r2, [sp, #16]
  89              	.LBE5:
  90              	.LBB6:
  52:Core/Src/gpio.c ****   __HAL_RCC_GPIOB_CLK_ENABLE();
  91              		.loc 1 52 0
  92 005a DA6C     		ldr	r2, [r3, #76]
  93 005c 42F00202 		orr	r2, r2, #2
  94 0060 DA64     		str	r2, [r3, #76]
  95 0062 DA6C     		ldr	r2, [r3, #76]
  96 0064 02F00202 		and	r2, r2, #2
  97 0068 0592     		str	r2, [sp, #20]
  98 006a 059A     		ldr	r2, [sp, #20]
  99              	.LBE6:
 100              	.LBB7:
  53:Core/Src/gpio.c ****   __HAL_RCC_GPIOD_CLK_ENABLE();
 101              		.loc 1 53 0
 102 006c DA6C     		ldr	r2, [r3, #76]
 103 006e 42F00802 		orr	r2, r2, #8
 104 0072 DA64     		str	r2, [r3, #76]
 105 0074 DB6C     		ldr	r3, [r3, #76]
 106 0076 03F00803 		and	r3, r3, #8
 107 007a 0693     		str	r3, [sp, #24]
 108 007c 069B     		ldr	r3, [sp, #24]
 109              	.LBE7:
  54:Core/Src/gpio.c **** 
  55:Core/Src/gpio.c ****   /*Configure GPIO pin Output Level */
  56:Core/Src/gpio.c ****   HAL_GPIO_WritePin(LD2_GPIO_Port, LD2_Pin, GPIO_PIN_RESET);
 110              		.loc 1 56 0
 111 007e 2246     		mov	r2, r4
 112 0080 2021     		movs	r1, #32
 113 0082 4FF09040 		mov	r0, #1207959552
 114 0086 FFF7FEFF 		bl	HAL_GPIO_WritePin
 115              	.LVL0:
  57:Core/Src/gpio.c **** 
ARM GAS  /tmp/cczahzn6.s 			page 4


  58:Core/Src/gpio.c ****   /*Configure GPIO pin : PtPin */
  59:Core/Src/gpio.c ****   GPIO_InitStruct.Pin = B1_Pin;
 116              		.loc 1 59 0
 117 008a 4FF40053 		mov	r3, #8192
 118 008e 0793     		str	r3, [sp, #28]
  60:Core/Src/gpio.c ****   GPIO_InitStruct.Mode = GPIO_MODE_IT_RISING;
 119              		.loc 1 60 0
 120 0090 264B     		ldr	r3, .L3+4
 121 0092 0893     		str	r3, [sp, #32]
  61:Core/Src/gpio.c ****   GPIO_InitStruct.Pull = GPIO_NOPULL;
 122              		.loc 1 61 0
 123 0094 0994     		str	r4, [sp, #36]
  62:Core/Src/gpio.c ****   HAL_GPIO_Init(B1_GPIO_Port, &GPIO_InitStruct);
 124              		.loc 1 62 0
 125 0096 264E     		ldr	r6, .L3+8
 126 0098 07A9     		add	r1, sp, #28
 127 009a 3046     		mov	r0, r6
 128 009c FFF7FEFF 		bl	HAL_GPIO_Init
 129              	.LVL1:
  63:Core/Src/gpio.c **** 
  64:Core/Src/gpio.c ****   /*Configure GPIO pin : PG10 */
  65:Core/Src/gpio.c ****   GPIO_InitStruct.Pin = GPIO_PIN_10;
 130              		.loc 1 65 0
 131 00a0 4FF48063 		mov	r3, #1024
 132 00a4 0793     		str	r3, [sp, #28]
  66:Core/Src/gpio.c ****   GPIO_InitStruct.Mode = GPIO_MODE_ANALOG;
 133              		.loc 1 66 0
 134 00a6 0325     		movs	r5, #3
 135 00a8 0895     		str	r5, [sp, #32]
  67:Core/Src/gpio.c ****   GPIO_InitStruct.Pull = GPIO_NOPULL;
 136              		.loc 1 67 0
 137 00aa 0994     		str	r4, [sp, #36]
  68:Core/Src/gpio.c ****   HAL_GPIO_Init(GPIOG, &GPIO_InitStruct);
 138              		.loc 1 68 0
 139 00ac 07A9     		add	r1, sp, #28
 140 00ae 2148     		ldr	r0, .L3+12
 141 00b0 FFF7FEFF 		bl	HAL_GPIO_Init
 142              	.LVL2:
  69:Core/Src/gpio.c **** 
  70:Core/Src/gpio.c ****   /*Configure GPIO pins : PC0 PC1 PC2 PC3
  71:Core/Src/gpio.c ****                            PC4 PC5 PC6 PC7
  72:Core/Src/gpio.c ****                            PC8 PC9 PC10 PC11
  73:Core/Src/gpio.c ****                            PC12 */
  74:Core/Src/gpio.c ****   GPIO_InitStruct.Pin = GPIO_PIN_0|GPIO_PIN_1|GPIO_PIN_2|GPIO_PIN_3
 143              		.loc 1 74 0
 144 00b4 41F6FF73 		movw	r3, #8191
 145 00b8 0793     		str	r3, [sp, #28]
  75:Core/Src/gpio.c ****                           |GPIO_PIN_4|GPIO_PIN_5|GPIO_PIN_6|GPIO_PIN_7
  76:Core/Src/gpio.c ****                           |GPIO_PIN_8|GPIO_PIN_9|GPIO_PIN_10|GPIO_PIN_11
  77:Core/Src/gpio.c ****                           |GPIO_PIN_12;
  78:Core/Src/gpio.c ****   GPIO_InitStruct.Mode = GPIO_MODE_ANALOG;
 146              		.loc 1 78 0
 147 00ba 0895     		str	r5, [sp, #32]
  79:Core/Src/gpio.c ****   GPIO_InitStruct.Pull = GPIO_NOPULL;
 148              		.loc 1 79 0
 149 00bc 0994     		str	r4, [sp, #36]
  80:Core/Src/gpio.c ****   HAL_GPIO_Init(GPIOC, &GPIO_InitStruct);
ARM GAS  /tmp/cczahzn6.s 			page 5


 150              		.loc 1 80 0
 151 00be 07A9     		add	r1, sp, #28
 152 00c0 3046     		mov	r0, r6
 153 00c2 FFF7FEFF 		bl	HAL_GPIO_Init
 154              	.LVL3:
  81:Core/Src/gpio.c **** 
  82:Core/Src/gpio.c ****   /*Configure GPIO pins : PA0 PA1 PA4 PA6
  83:Core/Src/gpio.c ****                            PA7 PA8 PA9 PA10
  84:Core/Src/gpio.c ****                            PA11 PA12 PA15 */
  85:Core/Src/gpio.c ****   GPIO_InitStruct.Pin = GPIO_PIN_0|GPIO_PIN_1|GPIO_PIN_4|GPIO_PIN_6
 155              		.loc 1 85 0
 156 00c6 49F6D373 		movw	r3, #40915
 157 00ca 0793     		str	r3, [sp, #28]
  86:Core/Src/gpio.c ****                           |GPIO_PIN_7|GPIO_PIN_8|GPIO_PIN_9|GPIO_PIN_10
  87:Core/Src/gpio.c ****                           |GPIO_PIN_11|GPIO_PIN_12|GPIO_PIN_15;
  88:Core/Src/gpio.c ****   GPIO_InitStruct.Mode = GPIO_MODE_ANALOG;
 158              		.loc 1 88 0
 159 00cc 0895     		str	r5, [sp, #32]
  89:Core/Src/gpio.c ****   GPIO_InitStruct.Pull = GPIO_NOPULL;
 160              		.loc 1 89 0
 161 00ce 0994     		str	r4, [sp, #36]
  90:Core/Src/gpio.c ****   HAL_GPIO_Init(GPIOA, &GPIO_InitStruct);
 162              		.loc 1 90 0
 163 00d0 07A9     		add	r1, sp, #28
 164 00d2 4FF09040 		mov	r0, #1207959552
 165 00d6 FFF7FEFF 		bl	HAL_GPIO_Init
 166              	.LVL4:
  91:Core/Src/gpio.c **** 
  92:Core/Src/gpio.c ****   /*Configure GPIO pin : PtPin */
  93:Core/Src/gpio.c ****   GPIO_InitStruct.Pin = LD2_Pin;
 167              		.loc 1 93 0
 168 00da 2023     		movs	r3, #32
 169 00dc 0793     		str	r3, [sp, #28]
  94:Core/Src/gpio.c ****   GPIO_InitStruct.Mode = GPIO_MODE_OUTPUT_PP;
 170              		.loc 1 94 0
 171 00de 0123     		movs	r3, #1
 172 00e0 0893     		str	r3, [sp, #32]
  95:Core/Src/gpio.c ****   GPIO_InitStruct.Pull = GPIO_NOPULL;
 173              		.loc 1 95 0
 174 00e2 0994     		str	r4, [sp, #36]
  96:Core/Src/gpio.c ****   GPIO_InitStruct.Speed = GPIO_SPEED_FREQ_LOW;
 175              		.loc 1 96 0
 176 00e4 0A94     		str	r4, [sp, #40]
  97:Core/Src/gpio.c ****   HAL_GPIO_Init(LD2_GPIO_Port, &GPIO_InitStruct);
 177              		.loc 1 97 0
 178 00e6 07A9     		add	r1, sp, #28
 179 00e8 4FF09040 		mov	r0, #1207959552
 180 00ec FFF7FEFF 		bl	HAL_GPIO_Init
 181              	.LVL5:
  98:Core/Src/gpio.c **** 
  99:Core/Src/gpio.c ****   /*Configure GPIO pins : PB0 PB1 PB2 PB10
 100:Core/Src/gpio.c ****                            PB11 PB12 PB13 PB14
 101:Core/Src/gpio.c ****                            PB15 PB4 PB5 PB6
 102:Core/Src/gpio.c ****                            PB7 PB8 PB9 */
 103:Core/Src/gpio.c ****   GPIO_InitStruct.Pin = GPIO_PIN_0|GPIO_PIN_1|GPIO_PIN_2|GPIO_PIN_10
 182              		.loc 1 103 0
 183 00f0 4FF6F773 		movw	r3, #65527
ARM GAS  /tmp/cczahzn6.s 			page 6


 184 00f4 0793     		str	r3, [sp, #28]
 104:Core/Src/gpio.c ****                           |GPIO_PIN_11|GPIO_PIN_12|GPIO_PIN_13|GPIO_PIN_14
 105:Core/Src/gpio.c ****                           |GPIO_PIN_15|GPIO_PIN_4|GPIO_PIN_5|GPIO_PIN_6
 106:Core/Src/gpio.c ****                           |GPIO_PIN_7|GPIO_PIN_8|GPIO_PIN_9;
 107:Core/Src/gpio.c ****   GPIO_InitStruct.Mode = GPIO_MODE_ANALOG;
 185              		.loc 1 107 0
 186 00f6 0895     		str	r5, [sp, #32]
 108:Core/Src/gpio.c ****   GPIO_InitStruct.Pull = GPIO_NOPULL;
 187              		.loc 1 108 0
 188 00f8 0994     		str	r4, [sp, #36]
 109:Core/Src/gpio.c ****   HAL_GPIO_Init(GPIOB, &GPIO_InitStruct);
 189              		.loc 1 109 0
 190 00fa 07A9     		add	r1, sp, #28
 191 00fc 0E48     		ldr	r0, .L3+16
 192 00fe FFF7FEFF 		bl	HAL_GPIO_Init
 193              	.LVL6:
 110:Core/Src/gpio.c **** 
 111:Core/Src/gpio.c ****   /*Configure GPIO pin : PD2 */
 112:Core/Src/gpio.c ****   GPIO_InitStruct.Pin = GPIO_PIN_2;
 194              		.loc 1 112 0
 195 0102 0423     		movs	r3, #4
 196 0104 0793     		str	r3, [sp, #28]
 113:Core/Src/gpio.c ****   GPIO_InitStruct.Mode = GPIO_MODE_ANALOG;
 197              		.loc 1 113 0
 198 0106 0895     		str	r5, [sp, #32]
 114:Core/Src/gpio.c ****   GPIO_InitStruct.Pull = GPIO_NOPULL;
 199              		.loc 1 114 0
 200 0108 0994     		str	r4, [sp, #36]
 115:Core/Src/gpio.c ****   HAL_GPIO_Init(GPIOD, &GPIO_InitStruct);
 201              		.loc 1 115 0
 202 010a 07A9     		add	r1, sp, #28
 203 010c 0B48     		ldr	r0, .L3+20
 204 010e FFF7FEFF 		bl	HAL_GPIO_Init
 205              	.LVL7:
 116:Core/Src/gpio.c **** 
 117:Core/Src/gpio.c ****   /* EXTI interrupt init*/
 118:Core/Src/gpio.c ****   HAL_NVIC_SetPriority(EXTI15_10_IRQn, 0, 0);
 206              		.loc 1 118 0
 207 0112 2246     		mov	r2, r4
 208 0114 2146     		mov	r1, r4
 209 0116 2820     		movs	r0, #40
 210 0118 FFF7FEFF 		bl	HAL_NVIC_SetPriority
 211              	.LVL8:
 119:Core/Src/gpio.c ****   HAL_NVIC_EnableIRQ(EXTI15_10_IRQn);
 212              		.loc 1 119 0
 213 011c 2820     		movs	r0, #40
 214 011e FFF7FEFF 		bl	HAL_NVIC_EnableIRQ
 215              	.LVL9:
 120:Core/Src/gpio.c **** 
 121:Core/Src/gpio.c **** }
 216              		.loc 1 121 0
 217 0122 0CB0     		add	sp, sp, #48
 218              	.LCFI2:
 219              		.cfi_def_cfa_offset 16
 220              		@ sp needed
 221 0124 70BD     		pop	{r4, r5, r6, pc}
 222              	.L4:
ARM GAS  /tmp/cczahzn6.s 			page 7


 223 0126 00BF     		.align	2
 224              	.L3:
 225 0128 00100240 		.word	1073876992
 226 012c 00001110 		.word	269549568
 227 0130 00080048 		.word	1207961600
 228 0134 00180048 		.word	1207965696
 229 0138 00040048 		.word	1207960576
 230 013c 000C0048 		.word	1207962624
 231              		.cfi_endproc
 232              	.LFE132:
 234              		.text
 235              	.Letext0:
 236              		.file 2 "/usr/include/newlib/machine/_default_types.h"
 237              		.file 3 "/usr/include/newlib/sys/_stdint.h"
 238              		.file 4 "Drivers/CMSIS/Include/core_cm4.h"
 239              		.file 5 "Drivers/CMSIS/Device/ST/STM32G4xx/Include/system_stm32g4xx.h"
 240              		.file 6 "Drivers/CMSIS/Device/ST/STM32G4xx/Include/stm32g474xx.h"
 241              		.file 7 "Drivers/STM32G4xx_HAL_Driver/Inc/stm32g4xx_hal_def.h"
 242              		.file 8 "Drivers/STM32G4xx_HAL_Driver/Inc/stm32g4xx_hal_gpio.h"
 243              		.file 9 "Drivers/STM32G4xx_HAL_Driver/Inc/stm32g4xx_hal_flash.h"
 244              		.file 10 "Drivers/STM32G4xx_HAL_Driver/Inc/stm32g4xx_hal_uart.h"
 245              		.file 11 "Drivers/STM32G4xx_HAL_Driver/Inc/stm32g4xx_hal.h"
 246              		.file 12 "Drivers/STM32G4xx_HAL_Driver/Inc/stm32g4xx_hal_cortex.h"
ARM GAS  /tmp/cczahzn6.s 			page 8


DEFINED SYMBOLS
                            *ABS*:0000000000000000 gpio.c
     /tmp/cczahzn6.s:18     .text.MX_GPIO_Init:0000000000000000 $t
     /tmp/cczahzn6.s:25     .text.MX_GPIO_Init:0000000000000000 MX_GPIO_Init
     /tmp/cczahzn6.s:225    .text.MX_GPIO_Init:0000000000000128 $d

UNDEFINED SYMBOLS
HAL_GPIO_WritePin
HAL_GPIO_Init
HAL_NVIC_SetPriority
HAL_NVIC_EnableIRQ
