ARM GAS  /tmp/ccCh1CHa.s 			page 1


   1              		.cpu cortex-m4
   2              		.eabi_attribute 27, 1
   3              		.eabi_attribute 28, 1
   4              		.eabi_attribute 20, 1
   5              		.eabi_attribute 21, 1
   6              		.eabi_attribute 23, 3
   7              		.eabi_attribute 24, 1
   8              		.eabi_attribute 25, 1
   9              		.eabi_attribute 26, 1
  10              		.eabi_attribute 30, 1
  11              		.eabi_attribute 34, 1
  12              		.eabi_attribute 18, 4
  13              		.file	"stm32g4xx_hal_flash_ramfunc.c"
  14              		.text
  15              	.Ltext0:
  16              		.cfi_sections	.debug_frame
  17              		.section	.RamFunc,"ax",%progbits
  18              		.align	1
  19              		.global	HAL_FLASHEx_EnableRunPowerDown
  20              		.syntax unified
  21              		.thumb
  22              		.thumb_func
  23              		.fpu fpv4-sp-d16
  25              	HAL_FLASHEx_EnableRunPowerDown:
  26              	.LFB132:
  27              		.file 1 "Drivers/STM32G4xx_HAL_Driver/Src/stm32g4xx_hal_flash_ramfunc.c"
   1:Drivers/STM32G4xx_HAL_Driver/Src/stm32g4xx_hal_flash_ramfunc.c **** /**
   2:Drivers/STM32G4xx_HAL_Driver/Src/stm32g4xx_hal_flash_ramfunc.c ****   ******************************************************************************
   3:Drivers/STM32G4xx_HAL_Driver/Src/stm32g4xx_hal_flash_ramfunc.c ****   * @file    stm32g4xx_hal_flash_ramfunc.c
   4:Drivers/STM32G4xx_HAL_Driver/Src/stm32g4xx_hal_flash_ramfunc.c ****   * @author  MCD Application Team
   5:Drivers/STM32G4xx_HAL_Driver/Src/stm32g4xx_hal_flash_ramfunc.c ****   * @brief   FLASH RAMFUNC driver.
   6:Drivers/STM32G4xx_HAL_Driver/Src/stm32g4xx_hal_flash_ramfunc.c ****   *          This file provides a Flash firmware functions which should be
   7:Drivers/STM32G4xx_HAL_Driver/Src/stm32g4xx_hal_flash_ramfunc.c ****   *          executed from internal SRAM
   8:Drivers/STM32G4xx_HAL_Driver/Src/stm32g4xx_hal_flash_ramfunc.c ****   *            + FLASH Power Down in Run mode
   9:Drivers/STM32G4xx_HAL_Driver/Src/stm32g4xx_hal_flash_ramfunc.c ****   *            + FLASH DBANK User Option Byte
  10:Drivers/STM32G4xx_HAL_Driver/Src/stm32g4xx_hal_flash_ramfunc.c ****   *
  11:Drivers/STM32G4xx_HAL_Driver/Src/stm32g4xx_hal_flash_ramfunc.c ****   *
  12:Drivers/STM32G4xx_HAL_Driver/Src/stm32g4xx_hal_flash_ramfunc.c ****   @verbatim
  13:Drivers/STM32G4xx_HAL_Driver/Src/stm32g4xx_hal_flash_ramfunc.c ****   ==============================================================================
  14:Drivers/STM32G4xx_HAL_Driver/Src/stm32g4xx_hal_flash_ramfunc.c ****                    ##### Flash RAM functions #####
  15:Drivers/STM32G4xx_HAL_Driver/Src/stm32g4xx_hal_flash_ramfunc.c ****   ==============================================================================
  16:Drivers/STM32G4xx_HAL_Driver/Src/stm32g4xx_hal_flash_ramfunc.c **** 
  17:Drivers/STM32G4xx_HAL_Driver/Src/stm32g4xx_hal_flash_ramfunc.c ****     *** ARM Compiler ***
  18:Drivers/STM32G4xx_HAL_Driver/Src/stm32g4xx_hal_flash_ramfunc.c ****     --------------------
  19:Drivers/STM32G4xx_HAL_Driver/Src/stm32g4xx_hal_flash_ramfunc.c ****     [..] RAM functions are defined using the toolchain options.
  20:Drivers/STM32G4xx_HAL_Driver/Src/stm32g4xx_hal_flash_ramfunc.c ****          Functions that are executed in RAM should reside in a separate
  21:Drivers/STM32G4xx_HAL_Driver/Src/stm32g4xx_hal_flash_ramfunc.c ****          source module. Using the 'Options for File' dialog you can simply change
  22:Drivers/STM32G4xx_HAL_Driver/Src/stm32g4xx_hal_flash_ramfunc.c ****          the 'Code / Const' area of a module to a memory space in physical RAM.
  23:Drivers/STM32G4xx_HAL_Driver/Src/stm32g4xx_hal_flash_ramfunc.c ****          Available memory areas are declared in the 'Target' tab of the
  24:Drivers/STM32G4xx_HAL_Driver/Src/stm32g4xx_hal_flash_ramfunc.c ****          Options for Target' dialog.
  25:Drivers/STM32G4xx_HAL_Driver/Src/stm32g4xx_hal_flash_ramfunc.c **** 
  26:Drivers/STM32G4xx_HAL_Driver/Src/stm32g4xx_hal_flash_ramfunc.c ****     *** ICCARM Compiler ***
  27:Drivers/STM32G4xx_HAL_Driver/Src/stm32g4xx_hal_flash_ramfunc.c ****     -----------------------
  28:Drivers/STM32G4xx_HAL_Driver/Src/stm32g4xx_hal_flash_ramfunc.c ****     [..] RAM functions are defined using a specific toolchain keyword "__ramfunc".
  29:Drivers/STM32G4xx_HAL_Driver/Src/stm32g4xx_hal_flash_ramfunc.c **** 
  30:Drivers/STM32G4xx_HAL_Driver/Src/stm32g4xx_hal_flash_ramfunc.c ****     *** GNU Compiler ***
  31:Drivers/STM32G4xx_HAL_Driver/Src/stm32g4xx_hal_flash_ramfunc.c ****     --------------------
ARM GAS  /tmp/ccCh1CHa.s 			page 2


  32:Drivers/STM32G4xx_HAL_Driver/Src/stm32g4xx_hal_flash_ramfunc.c ****     [..] RAM functions are defined using a specific toolchain attribute
  33:Drivers/STM32G4xx_HAL_Driver/Src/stm32g4xx_hal_flash_ramfunc.c ****          "__attribute__((section(".RamFunc")))".
  34:Drivers/STM32G4xx_HAL_Driver/Src/stm32g4xx_hal_flash_ramfunc.c **** 
  35:Drivers/STM32G4xx_HAL_Driver/Src/stm32g4xx_hal_flash_ramfunc.c ****   @endverbatim
  36:Drivers/STM32G4xx_HAL_Driver/Src/stm32g4xx_hal_flash_ramfunc.c ****   ******************************************************************************
  37:Drivers/STM32G4xx_HAL_Driver/Src/stm32g4xx_hal_flash_ramfunc.c ****   * @attention
  38:Drivers/STM32G4xx_HAL_Driver/Src/stm32g4xx_hal_flash_ramfunc.c ****   *
  39:Drivers/STM32G4xx_HAL_Driver/Src/stm32g4xx_hal_flash_ramfunc.c ****   * <h2><center>&copy; COPYRIGHT(c) 2019 STMicroelectronics</center></h2>
  40:Drivers/STM32G4xx_HAL_Driver/Src/stm32g4xx_hal_flash_ramfunc.c ****   *
  41:Drivers/STM32G4xx_HAL_Driver/Src/stm32g4xx_hal_flash_ramfunc.c ****   * This software component is licensed by ST under BSD 3-Clause license,
  42:Drivers/STM32G4xx_HAL_Driver/Src/stm32g4xx_hal_flash_ramfunc.c ****   * the "License"; You may not use this file except in compliance with the
  43:Drivers/STM32G4xx_HAL_Driver/Src/stm32g4xx_hal_flash_ramfunc.c ****   * License. You may obtain a copy of the License at:
  44:Drivers/STM32G4xx_HAL_Driver/Src/stm32g4xx_hal_flash_ramfunc.c ****   *                       opensource.org/licenses/BSD-3-Clause
  45:Drivers/STM32G4xx_HAL_Driver/Src/stm32g4xx_hal_flash_ramfunc.c ****   *
  46:Drivers/STM32G4xx_HAL_Driver/Src/stm32g4xx_hal_flash_ramfunc.c ****   ******************************************************************************
  47:Drivers/STM32G4xx_HAL_Driver/Src/stm32g4xx_hal_flash_ramfunc.c ****   */
  48:Drivers/STM32G4xx_HAL_Driver/Src/stm32g4xx_hal_flash_ramfunc.c **** 
  49:Drivers/STM32G4xx_HAL_Driver/Src/stm32g4xx_hal_flash_ramfunc.c **** /* Includes ------------------------------------------------------------------*/
  50:Drivers/STM32G4xx_HAL_Driver/Src/stm32g4xx_hal_flash_ramfunc.c **** #include "stm32g4xx_hal.h"
  51:Drivers/STM32G4xx_HAL_Driver/Src/stm32g4xx_hal_flash_ramfunc.c **** 
  52:Drivers/STM32G4xx_HAL_Driver/Src/stm32g4xx_hal_flash_ramfunc.c **** /** @addtogroup STM32G4xx_HAL_Driver
  53:Drivers/STM32G4xx_HAL_Driver/Src/stm32g4xx_hal_flash_ramfunc.c ****   * @{
  54:Drivers/STM32G4xx_HAL_Driver/Src/stm32g4xx_hal_flash_ramfunc.c ****   */
  55:Drivers/STM32G4xx_HAL_Driver/Src/stm32g4xx_hal_flash_ramfunc.c **** 
  56:Drivers/STM32G4xx_HAL_Driver/Src/stm32g4xx_hal_flash_ramfunc.c **** /** @defgroup FLASH_RAMFUNC FLASH_RAMFUNC
  57:Drivers/STM32G4xx_HAL_Driver/Src/stm32g4xx_hal_flash_ramfunc.c ****   * @brief FLASH functions executed from RAM
  58:Drivers/STM32G4xx_HAL_Driver/Src/stm32g4xx_hal_flash_ramfunc.c ****   * @{
  59:Drivers/STM32G4xx_HAL_Driver/Src/stm32g4xx_hal_flash_ramfunc.c ****   */
  60:Drivers/STM32G4xx_HAL_Driver/Src/stm32g4xx_hal_flash_ramfunc.c **** 
  61:Drivers/STM32G4xx_HAL_Driver/Src/stm32g4xx_hal_flash_ramfunc.c **** #ifdef HAL_FLASH_MODULE_ENABLED
  62:Drivers/STM32G4xx_HAL_Driver/Src/stm32g4xx_hal_flash_ramfunc.c **** 
  63:Drivers/STM32G4xx_HAL_Driver/Src/stm32g4xx_hal_flash_ramfunc.c **** /* Private typedef -----------------------------------------------------------*/
  64:Drivers/STM32G4xx_HAL_Driver/Src/stm32g4xx_hal_flash_ramfunc.c **** /* Private define ------------------------------------------------------------*/
  65:Drivers/STM32G4xx_HAL_Driver/Src/stm32g4xx_hal_flash_ramfunc.c **** /* Private macro -------------------------------------------------------------*/
  66:Drivers/STM32G4xx_HAL_Driver/Src/stm32g4xx_hal_flash_ramfunc.c **** /* Private variables ---------------------------------------------------------*/
  67:Drivers/STM32G4xx_HAL_Driver/Src/stm32g4xx_hal_flash_ramfunc.c **** /* Private function prototypes -----------------------------------------------*/
  68:Drivers/STM32G4xx_HAL_Driver/Src/stm32g4xx_hal_flash_ramfunc.c **** /* Exported functions -------------------------------------------------------*/
  69:Drivers/STM32G4xx_HAL_Driver/Src/stm32g4xx_hal_flash_ramfunc.c **** 
  70:Drivers/STM32G4xx_HAL_Driver/Src/stm32g4xx_hal_flash_ramfunc.c **** /** @defgroup FLASH_RAMFUNC_Exported_Functions FLASH_RAMFUNC Exported Functions
  71:Drivers/STM32G4xx_HAL_Driver/Src/stm32g4xx_hal_flash_ramfunc.c ****   * @{
  72:Drivers/STM32G4xx_HAL_Driver/Src/stm32g4xx_hal_flash_ramfunc.c ****   */
  73:Drivers/STM32G4xx_HAL_Driver/Src/stm32g4xx_hal_flash_ramfunc.c **** 
  74:Drivers/STM32G4xx_HAL_Driver/Src/stm32g4xx_hal_flash_ramfunc.c **** /** @defgroup FLASH_RAMFUNC_Exported_Functions_Group1 Peripheral features functions
  75:Drivers/STM32G4xx_HAL_Driver/Src/stm32g4xx_hal_flash_ramfunc.c ****  *  @brief   Data transfers functions
  76:Drivers/STM32G4xx_HAL_Driver/Src/stm32g4xx_hal_flash_ramfunc.c ****  *
  77:Drivers/STM32G4xx_HAL_Driver/Src/stm32g4xx_hal_flash_ramfunc.c **** @verbatim
  78:Drivers/STM32G4xx_HAL_Driver/Src/stm32g4xx_hal_flash_ramfunc.c ****  ===============================================================================
  79:Drivers/STM32G4xx_HAL_Driver/Src/stm32g4xx_hal_flash_ramfunc.c ****                       ##### ramfunc functions #####
  80:Drivers/STM32G4xx_HAL_Driver/Src/stm32g4xx_hal_flash_ramfunc.c ****  ===============================================================================
  81:Drivers/STM32G4xx_HAL_Driver/Src/stm32g4xx_hal_flash_ramfunc.c ****     [..]
  82:Drivers/STM32G4xx_HAL_Driver/Src/stm32g4xx_hal_flash_ramfunc.c ****     This subsection provides a set of functions that should be executed from RAM.
  83:Drivers/STM32G4xx_HAL_Driver/Src/stm32g4xx_hal_flash_ramfunc.c **** 
  84:Drivers/STM32G4xx_HAL_Driver/Src/stm32g4xx_hal_flash_ramfunc.c **** @endverbatim
  85:Drivers/STM32G4xx_HAL_Driver/Src/stm32g4xx_hal_flash_ramfunc.c ****   * @{
  86:Drivers/STM32G4xx_HAL_Driver/Src/stm32g4xx_hal_flash_ramfunc.c ****   */
  87:Drivers/STM32G4xx_HAL_Driver/Src/stm32g4xx_hal_flash_ramfunc.c **** 
  88:Drivers/STM32G4xx_HAL_Driver/Src/stm32g4xx_hal_flash_ramfunc.c **** /**
ARM GAS  /tmp/ccCh1CHa.s 			page 3


  89:Drivers/STM32G4xx_HAL_Driver/Src/stm32g4xx_hal_flash_ramfunc.c ****   * @brief  Enable the Power down in Run Mode
  90:Drivers/STM32G4xx_HAL_Driver/Src/stm32g4xx_hal_flash_ramfunc.c ****   * @note   This function should be called and executed from SRAM memory.
  91:Drivers/STM32G4xx_HAL_Driver/Src/stm32g4xx_hal_flash_ramfunc.c ****   * @retval None
  92:Drivers/STM32G4xx_HAL_Driver/Src/stm32g4xx_hal_flash_ramfunc.c ****   */
  93:Drivers/STM32G4xx_HAL_Driver/Src/stm32g4xx_hal_flash_ramfunc.c **** __RAM_FUNC HAL_StatusTypeDef HAL_FLASHEx_EnableRunPowerDown(void)
  94:Drivers/STM32G4xx_HAL_Driver/Src/stm32g4xx_hal_flash_ramfunc.c **** {
  28              		.loc 1 94 0
  29              		.cfi_startproc
  30              		@ args = 0, pretend = 0, frame = 0
  31              		@ frame_needed = 0, uses_anonymous_args = 0
  32              		@ link register save eliminated.
  95:Drivers/STM32G4xx_HAL_Driver/Src/stm32g4xx_hal_flash_ramfunc.c ****   /* Enable the Power Down in Run mode*/
  96:Drivers/STM32G4xx_HAL_Driver/Src/stm32g4xx_hal_flash_ramfunc.c ****   __HAL_FLASH_POWER_DOWN_ENABLE();
  33              		.loc 1 96 0
  34 0000 054B     		ldr	r3, .L2
  35 0002 064A     		ldr	r2, .L2+4
  36 0004 5A60     		str	r2, [r3, #4]
  37 0006 064A     		ldr	r2, .L2+8
  38 0008 5A60     		str	r2, [r3, #4]
  39 000a 1A68     		ldr	r2, [r3]
  40 000c 42F40052 		orr	r2, r2, #8192
  41 0010 1A60     		str	r2, [r3]
  97:Drivers/STM32G4xx_HAL_Driver/Src/stm32g4xx_hal_flash_ramfunc.c **** 
  98:Drivers/STM32G4xx_HAL_Driver/Src/stm32g4xx_hal_flash_ramfunc.c ****   return HAL_OK;
  99:Drivers/STM32G4xx_HAL_Driver/Src/stm32g4xx_hal_flash_ramfunc.c **** 
 100:Drivers/STM32G4xx_HAL_Driver/Src/stm32g4xx_hal_flash_ramfunc.c **** }
  42              		.loc 1 100 0
  43 0012 0020     		movs	r0, #0
  44 0014 7047     		bx	lr
  45              	.L3:
  46 0016 00BF     		.align	2
  47              	.L2:
  48 0018 00200240 		.word	1073881088
  49 001c 37261504 		.word	68494903
  50 0020 FDFCFBFA 		.word	-84148995
  51              		.cfi_endproc
  52              	.LFE132:
  54              		.align	1
  55              		.global	HAL_FLASHEx_DisableRunPowerDown
  56              		.syntax unified
  57              		.thumb
  58              		.thumb_func
  59              		.fpu fpv4-sp-d16
  61              	HAL_FLASHEx_DisableRunPowerDown:
  62              	.LFB133:
 101:Drivers/STM32G4xx_HAL_Driver/Src/stm32g4xx_hal_flash_ramfunc.c **** 
 102:Drivers/STM32G4xx_HAL_Driver/Src/stm32g4xx_hal_flash_ramfunc.c **** /**
 103:Drivers/STM32G4xx_HAL_Driver/Src/stm32g4xx_hal_flash_ramfunc.c ****   * @brief  Disable the Power down in Run Mode
 104:Drivers/STM32G4xx_HAL_Driver/Src/stm32g4xx_hal_flash_ramfunc.c ****   * @note   This function should be called and executed from SRAM memory.
 105:Drivers/STM32G4xx_HAL_Driver/Src/stm32g4xx_hal_flash_ramfunc.c ****   * @retval None
 106:Drivers/STM32G4xx_HAL_Driver/Src/stm32g4xx_hal_flash_ramfunc.c ****   */
 107:Drivers/STM32G4xx_HAL_Driver/Src/stm32g4xx_hal_flash_ramfunc.c **** __RAM_FUNC HAL_StatusTypeDef HAL_FLASHEx_DisableRunPowerDown(void)
 108:Drivers/STM32G4xx_HAL_Driver/Src/stm32g4xx_hal_flash_ramfunc.c **** {
  63              		.loc 1 108 0
  64              		.cfi_startproc
  65              		@ args = 0, pretend = 0, frame = 0
  66              		@ frame_needed = 0, uses_anonymous_args = 0
ARM GAS  /tmp/ccCh1CHa.s 			page 4


  67              		@ link register save eliminated.
 109:Drivers/STM32G4xx_HAL_Driver/Src/stm32g4xx_hal_flash_ramfunc.c ****   /* Disable the Power Down in Run mode*/
 110:Drivers/STM32G4xx_HAL_Driver/Src/stm32g4xx_hal_flash_ramfunc.c ****   __HAL_FLASH_POWER_DOWN_DISABLE();
  68              		.loc 1 110 0
  69 0024 054B     		ldr	r3, .L5
  70 0026 064A     		ldr	r2, .L5+4
  71 0028 5A60     		str	r2, [r3, #4]
  72 002a 064A     		ldr	r2, .L5+8
  73 002c 5A60     		str	r2, [r3, #4]
  74 002e 1A68     		ldr	r2, [r3]
  75 0030 22F40052 		bic	r2, r2, #8192
  76 0034 1A60     		str	r2, [r3]
 111:Drivers/STM32G4xx_HAL_Driver/Src/stm32g4xx_hal_flash_ramfunc.c **** 
 112:Drivers/STM32G4xx_HAL_Driver/Src/stm32g4xx_hal_flash_ramfunc.c ****   return HAL_OK;
 113:Drivers/STM32G4xx_HAL_Driver/Src/stm32g4xx_hal_flash_ramfunc.c **** }
  77              		.loc 1 113 0
  78 0036 0020     		movs	r0, #0
  79 0038 7047     		bx	lr
  80              	.L6:
  81 003a 00BF     		.align	2
  82              	.L5:
  83 003c 00200240 		.word	1073881088
  84 0040 37261504 		.word	68494903
  85 0044 FDFCFBFA 		.word	-84148995
  86              		.cfi_endproc
  87              	.LFE133:
  89              		.align	1
  90              		.global	HAL_FLASHEx_OB_DBankConfig
  91              		.syntax unified
  92              		.thumb
  93              		.thumb_func
  94              		.fpu fpv4-sp-d16
  96              	HAL_FLASHEx_OB_DBankConfig:
  97              	.LFB134:
 114:Drivers/STM32G4xx_HAL_Driver/Src/stm32g4xx_hal_flash_ramfunc.c **** 
 115:Drivers/STM32G4xx_HAL_Driver/Src/stm32g4xx_hal_flash_ramfunc.c **** #if defined (FLASH_OPTR_DBANK)
 116:Drivers/STM32G4xx_HAL_Driver/Src/stm32g4xx_hal_flash_ramfunc.c **** /**
 117:Drivers/STM32G4xx_HAL_Driver/Src/stm32g4xx_hal_flash_ramfunc.c ****   * @brief  Program the FLASH DBANK User Option Byte.
 118:Drivers/STM32G4xx_HAL_Driver/Src/stm32g4xx_hal_flash_ramfunc.c ****   *
 119:Drivers/STM32G4xx_HAL_Driver/Src/stm32g4xx_hal_flash_ramfunc.c ****   * @note   To configure the user option bytes, the option lock bit OPTLOCK must
 120:Drivers/STM32G4xx_HAL_Driver/Src/stm32g4xx_hal_flash_ramfunc.c ****   *         be cleared with the call of the HAL_FLASH_OB_Unlock() function.
 121:Drivers/STM32G4xx_HAL_Driver/Src/stm32g4xx_hal_flash_ramfunc.c ****   * @note   To modify the DBANK option byte, no PCROP region should be defined.
 122:Drivers/STM32G4xx_HAL_Driver/Src/stm32g4xx_hal_flash_ramfunc.c ****   *         To deactivate PCROP, user should perform RDP changing.
 123:Drivers/STM32G4xx_HAL_Driver/Src/stm32g4xx_hal_flash_ramfunc.c ****   *
 124:Drivers/STM32G4xx_HAL_Driver/Src/stm32g4xx_hal_flash_ramfunc.c ****   * @param  DBankConfig The FLASH DBANK User Option Byte value.
 125:Drivers/STM32G4xx_HAL_Driver/Src/stm32g4xx_hal_flash_ramfunc.c ****   *         This parameter  can be one of the following values:
 126:Drivers/STM32G4xx_HAL_Driver/Src/stm32g4xx_hal_flash_ramfunc.c ****   *            @arg OB_DBANK_128_BITS: Single-bank with 128-bits data
 127:Drivers/STM32G4xx_HAL_Driver/Src/stm32g4xx_hal_flash_ramfunc.c ****   *            @arg OB_DBANK_64_BITS: Dual-bank with 64-bits data
 128:Drivers/STM32G4xx_HAL_Driver/Src/stm32g4xx_hal_flash_ramfunc.c ****   *
 129:Drivers/STM32G4xx_HAL_Driver/Src/stm32g4xx_hal_flash_ramfunc.c ****   * @retval HAL_Status
 130:Drivers/STM32G4xx_HAL_Driver/Src/stm32g4xx_hal_flash_ramfunc.c ****   */
 131:Drivers/STM32G4xx_HAL_Driver/Src/stm32g4xx_hal_flash_ramfunc.c **** __RAM_FUNC HAL_StatusTypeDef HAL_FLASHEx_OB_DBankConfig(uint32_t DBankConfig)
 132:Drivers/STM32G4xx_HAL_Driver/Src/stm32g4xx_hal_flash_ramfunc.c **** {
  98              		.loc 1 132 0
  99              		.cfi_startproc
 100              		@ args = 0, pretend = 0, frame = 0
 101              		@ frame_needed = 0, uses_anonymous_args = 0
ARM GAS  /tmp/ccCh1CHa.s 			page 5


 102              		@ link register save eliminated.
 103              	.LVL0:
 133:Drivers/STM32G4xx_HAL_Driver/Src/stm32g4xx_hal_flash_ramfunc.c ****   uint32_t count, reg;
 134:Drivers/STM32G4xx_HAL_Driver/Src/stm32g4xx_hal_flash_ramfunc.c ****   HAL_StatusTypeDef status = HAL_ERROR;
 135:Drivers/STM32G4xx_HAL_Driver/Src/stm32g4xx_hal_flash_ramfunc.c **** 
 136:Drivers/STM32G4xx_HAL_Driver/Src/stm32g4xx_hal_flash_ramfunc.c ****   /* Process Locked */
 137:Drivers/STM32G4xx_HAL_Driver/Src/stm32g4xx_hal_flash_ramfunc.c ****   __HAL_LOCK(&pFlash);
 104              		.loc 1 137 0
 105 0048 514B     		ldr	r3, .L19
 106 004a 1B78     		ldrb	r3, [r3]	@ zero_extendqisi2
 107 004c 012B     		cmp	r3, #1
 108 004e 00F09C80 		beq	.L18
 109              		.loc 1 137 0 is_stmt 0 discriminator 2
 110 0052 4F4B     		ldr	r3, .L19
 111 0054 0122     		movs	r2, #1
 112 0056 1A70     		strb	r2, [r3]
 138:Drivers/STM32G4xx_HAL_Driver/Src/stm32g4xx_hal_flash_ramfunc.c **** 
 139:Drivers/STM32G4xx_HAL_Driver/Src/stm32g4xx_hal_flash_ramfunc.c ****   /* Check if the PCROP is disabled */
 140:Drivers/STM32G4xx_HAL_Driver/Src/stm32g4xx_hal_flash_ramfunc.c ****   reg = FLASH->PCROP1SR;
 113              		.loc 1 140 0 is_stmt 1 discriminator 2
 114 0058 4E4B     		ldr	r3, .L19+4
 115 005a 5A6A     		ldr	r2, [r3, #36]
 116              	.LVL1:
 141:Drivers/STM32G4xx_HAL_Driver/Src/stm32g4xx_hal_flash_ramfunc.c ****   if (reg > FLASH->PCROP1ER)
 117              		.loc 1 141 0 discriminator 2
 118 005c 9B6A     		ldr	r3, [r3, #40]
 119 005e 9342     		cmp	r3, r2
 120 0060 80F08E80 		bcs	.L9
 142:Drivers/STM32G4xx_HAL_Driver/Src/stm32g4xx_hal_flash_ramfunc.c ****   {
 143:Drivers/STM32G4xx_HAL_Driver/Src/stm32g4xx_hal_flash_ramfunc.c ****     reg = FLASH->PCROP2SR;
 121              		.loc 1 143 0
 122 0064 4B4B     		ldr	r3, .L19+4
 123 0066 5A6C     		ldr	r2, [r3, #68]
 124              	.LVL2:
 144:Drivers/STM32G4xx_HAL_Driver/Src/stm32g4xx_hal_flash_ramfunc.c ****     if (reg > FLASH->PCROP2ER)
 125              		.loc 1 144 0
 126 0068 9B6C     		ldr	r3, [r3, #72]
 127 006a 9342     		cmp	r3, r2
 128 006c 80F08880 		bcs	.L9
 145:Drivers/STM32G4xx_HAL_Driver/Src/stm32g4xx_hal_flash_ramfunc.c ****     {
 146:Drivers/STM32G4xx_HAL_Driver/Src/stm32g4xx_hal_flash_ramfunc.c ****       /* Disable Flash prefetch */
 147:Drivers/STM32G4xx_HAL_Driver/Src/stm32g4xx_hal_flash_ramfunc.c ****       __HAL_FLASH_PREFETCH_BUFFER_DISABLE();
 129              		.loc 1 147 0
 130 0070 484B     		ldr	r3, .L19+4
 131 0072 1A68     		ldr	r2, [r3]
 132              	.LVL3:
 133 0074 22F48072 		bic	r2, r2, #256
 134 0078 1A60     		str	r2, [r3]
 148:Drivers/STM32G4xx_HAL_Driver/Src/stm32g4xx_hal_flash_ramfunc.c **** 
 149:Drivers/STM32G4xx_HAL_Driver/Src/stm32g4xx_hal_flash_ramfunc.c ****       if (READ_BIT(FLASH->ACR, FLASH_ACR_ICEN) != 0U)
 135              		.loc 1 149 0
 136 007a 1B68     		ldr	r3, [r3]
 137 007c 13F4007F 		tst	r3, #512
 138 0080 0CD0     		beq	.L10
 150:Drivers/STM32G4xx_HAL_Driver/Src/stm32g4xx_hal_flash_ramfunc.c ****       {
 151:Drivers/STM32G4xx_HAL_Driver/Src/stm32g4xx_hal_flash_ramfunc.c ****         /* Disable Flash instruction cache */
 152:Drivers/STM32G4xx_HAL_Driver/Src/stm32g4xx_hal_flash_ramfunc.c ****         __HAL_FLASH_INSTRUCTION_CACHE_DISABLE();
ARM GAS  /tmp/ccCh1CHa.s 			page 6


 139              		.loc 1 152 0
 140 0082 444B     		ldr	r3, .L19+4
 141 0084 1A68     		ldr	r2, [r3]
 142 0086 22F40072 		bic	r2, r2, #512
 143 008a 1A60     		str	r2, [r3]
 153:Drivers/STM32G4xx_HAL_Driver/Src/stm32g4xx_hal_flash_ramfunc.c **** 
 154:Drivers/STM32G4xx_HAL_Driver/Src/stm32g4xx_hal_flash_ramfunc.c ****         /* Flush Flash instruction cache */
 155:Drivers/STM32G4xx_HAL_Driver/Src/stm32g4xx_hal_flash_ramfunc.c ****         __HAL_FLASH_INSTRUCTION_CACHE_RESET();
 144              		.loc 1 155 0
 145 008c 1A68     		ldr	r2, [r3]
 146 008e 42F40062 		orr	r2, r2, #2048
 147 0092 1A60     		str	r2, [r3]
 148 0094 1A68     		ldr	r2, [r3]
 149 0096 22F40062 		bic	r2, r2, #2048
 150 009a 1A60     		str	r2, [r3]
 151              	.L10:
 156:Drivers/STM32G4xx_HAL_Driver/Src/stm32g4xx_hal_flash_ramfunc.c ****       }
 157:Drivers/STM32G4xx_HAL_Driver/Src/stm32g4xx_hal_flash_ramfunc.c **** 
 158:Drivers/STM32G4xx_HAL_Driver/Src/stm32g4xx_hal_flash_ramfunc.c ****       if (READ_BIT(FLASH->ACR, FLASH_ACR_DCEN) != 0U)
 152              		.loc 1 158 0
 153 009c 3D4B     		ldr	r3, .L19+4
 154 009e 1B68     		ldr	r3, [r3]
 155 00a0 13F4806F 		tst	r3, #1024
 156 00a4 0CD0     		beq	.L11
 159:Drivers/STM32G4xx_HAL_Driver/Src/stm32g4xx_hal_flash_ramfunc.c ****       {
 160:Drivers/STM32G4xx_HAL_Driver/Src/stm32g4xx_hal_flash_ramfunc.c ****         /* Disable Flash data cache */
 161:Drivers/STM32G4xx_HAL_Driver/Src/stm32g4xx_hal_flash_ramfunc.c ****         __HAL_FLASH_DATA_CACHE_DISABLE();
 157              		.loc 1 161 0
 158 00a6 3B4B     		ldr	r3, .L19+4
 159 00a8 1A68     		ldr	r2, [r3]
 160 00aa 22F48062 		bic	r2, r2, #1024
 161 00ae 1A60     		str	r2, [r3]
 162:Drivers/STM32G4xx_HAL_Driver/Src/stm32g4xx_hal_flash_ramfunc.c **** 
 163:Drivers/STM32G4xx_HAL_Driver/Src/stm32g4xx_hal_flash_ramfunc.c ****         /* Flush Flash data cache */
 164:Drivers/STM32G4xx_HAL_Driver/Src/stm32g4xx_hal_flash_ramfunc.c ****         __HAL_FLASH_DATA_CACHE_RESET();
 162              		.loc 1 164 0
 163 00b0 1A68     		ldr	r2, [r3]
 164 00b2 42F48052 		orr	r2, r2, #4096
 165 00b6 1A60     		str	r2, [r3]
 166 00b8 1A68     		ldr	r2, [r3]
 167 00ba 22F48052 		bic	r2, r2, #4096
 168 00be 1A60     		str	r2, [r3]
 169              	.L11:
 165:Drivers/STM32G4xx_HAL_Driver/Src/stm32g4xx_hal_flash_ramfunc.c ****       }
 166:Drivers/STM32G4xx_HAL_Driver/Src/stm32g4xx_hal_flash_ramfunc.c **** 
 167:Drivers/STM32G4xx_HAL_Driver/Src/stm32g4xx_hal_flash_ramfunc.c ****       /* Disable WRP zone A of 1st bank if needed */
 168:Drivers/STM32G4xx_HAL_Driver/Src/stm32g4xx_hal_flash_ramfunc.c ****       reg = FLASH->WRP1AR;
 170              		.loc 1 168 0
 171 00c0 344B     		ldr	r3, .L19+4
 172 00c2 DB6A     		ldr	r3, [r3, #44]
 173              	.LVL4:
 169:Drivers/STM32G4xx_HAL_Driver/Src/stm32g4xx_hal_flash_ramfunc.c ****       if (((reg & FLASH_WRP1AR_WRP1A_STRT) >> FLASH_WRP1AR_WRP1A_STRT_Pos) <=
 174              		.loc 1 169 0
 175 00c4 03F07F02 		and	r2, r3, #127
 170:Drivers/STM32G4xx_HAL_Driver/Src/stm32g4xx_hal_flash_ramfunc.c ****           ((reg & FLASH_WRP1AR_WRP1A_END) >> FLASH_WRP1AR_WRP1A_END_Pos))
 176              		.loc 1 170 0
 177 00c8 C3F30643 		ubfx	r3, r3, #16, #7
ARM GAS  /tmp/ccCh1CHa.s 			page 7


 178              	.LVL5:
 169:Drivers/STM32G4xx_HAL_Driver/Src/stm32g4xx_hal_flash_ramfunc.c ****       if (((reg & FLASH_WRP1AR_WRP1A_STRT) >> FLASH_WRP1AR_WRP1A_STRT_Pos) <=
 179              		.loc 1 169 0
 180 00cc 9A42     		cmp	r2, r3
 181 00ce 06D8     		bhi	.L12
 171:Drivers/STM32G4xx_HAL_Driver/Src/stm32g4xx_hal_flash_ramfunc.c ****       {
 172:Drivers/STM32G4xx_HAL_Driver/Src/stm32g4xx_hal_flash_ramfunc.c ****         MODIFY_REG(FLASH->WRP1AR, (FLASH_WRP1AR_WRP1A_STRT | FLASH_WRP1AR_WRP1A_END), FLASH_WRP1AR_
 182              		.loc 1 172 0
 183 00d0 304A     		ldr	r2, .L19+4
 184 00d2 D36A     		ldr	r3, [r2, #44]
 185 00d4 23F07F13 		bic	r3, r3, #8323199
 186 00d8 43F07F03 		orr	r3, r3, #127
 187 00dc D362     		str	r3, [r2, #44]
 188              	.L12:
 173:Drivers/STM32G4xx_HAL_Driver/Src/stm32g4xx_hal_flash_ramfunc.c ****       }
 174:Drivers/STM32G4xx_HAL_Driver/Src/stm32g4xx_hal_flash_ramfunc.c **** 
 175:Drivers/STM32G4xx_HAL_Driver/Src/stm32g4xx_hal_flash_ramfunc.c ****       /* Disable WRP zone B of 1st bank if needed */
 176:Drivers/STM32G4xx_HAL_Driver/Src/stm32g4xx_hal_flash_ramfunc.c ****       reg = FLASH->WRP1BR;
 189              		.loc 1 176 0
 190 00de 2D4B     		ldr	r3, .L19+4
 191 00e0 1B6B     		ldr	r3, [r3, #48]
 192              	.LVL6:
 177:Drivers/STM32G4xx_HAL_Driver/Src/stm32g4xx_hal_flash_ramfunc.c ****       if (((reg & FLASH_WRP1BR_WRP1B_STRT) >> FLASH_WRP1BR_WRP1B_STRT_Pos) <=
 193              		.loc 1 177 0
 194 00e2 03F07F02 		and	r2, r3, #127
 178:Drivers/STM32G4xx_HAL_Driver/Src/stm32g4xx_hal_flash_ramfunc.c ****           ((reg & FLASH_WRP1BR_WRP1B_END) >> FLASH_WRP1BR_WRP1B_END_Pos))
 195              		.loc 1 178 0
 196 00e6 C3F30643 		ubfx	r3, r3, #16, #7
 197              	.LVL7:
 177:Drivers/STM32G4xx_HAL_Driver/Src/stm32g4xx_hal_flash_ramfunc.c ****       if (((reg & FLASH_WRP1BR_WRP1B_STRT) >> FLASH_WRP1BR_WRP1B_STRT_Pos) <=
 198              		.loc 1 177 0
 199 00ea 9A42     		cmp	r2, r3
 200 00ec 06D8     		bhi	.L13
 179:Drivers/STM32G4xx_HAL_Driver/Src/stm32g4xx_hal_flash_ramfunc.c ****       {
 180:Drivers/STM32G4xx_HAL_Driver/Src/stm32g4xx_hal_flash_ramfunc.c ****         MODIFY_REG(FLASH->WRP1BR, (FLASH_WRP1BR_WRP1B_STRT | FLASH_WRP1BR_WRP1B_END), FLASH_WRP1BR_
 201              		.loc 1 180 0
 202 00ee 294A     		ldr	r2, .L19+4
 203 00f0 136B     		ldr	r3, [r2, #48]
 204 00f2 23F07F13 		bic	r3, r3, #8323199
 205 00f6 43F07F03 		orr	r3, r3, #127
 206 00fa 1363     		str	r3, [r2, #48]
 207              	.L13:
 181:Drivers/STM32G4xx_HAL_Driver/Src/stm32g4xx_hal_flash_ramfunc.c ****       }
 182:Drivers/STM32G4xx_HAL_Driver/Src/stm32g4xx_hal_flash_ramfunc.c **** 
 183:Drivers/STM32G4xx_HAL_Driver/Src/stm32g4xx_hal_flash_ramfunc.c ****       /* Disable WRP zone A of 2nd bank if needed */
 184:Drivers/STM32G4xx_HAL_Driver/Src/stm32g4xx_hal_flash_ramfunc.c ****       reg = FLASH->WRP2AR;
 208              		.loc 1 184 0
 209 00fc 254B     		ldr	r3, .L19+4
 210 00fe DB6C     		ldr	r3, [r3, #76]
 211              	.LVL8:
 185:Drivers/STM32G4xx_HAL_Driver/Src/stm32g4xx_hal_flash_ramfunc.c ****       if (((reg & FLASH_WRP2AR_WRP2A_STRT) >> FLASH_WRP2AR_WRP2A_STRT_Pos) <=
 212              		.loc 1 185 0
 213 0100 03F07F02 		and	r2, r3, #127
 186:Drivers/STM32G4xx_HAL_Driver/Src/stm32g4xx_hal_flash_ramfunc.c ****           ((reg & FLASH_WRP2AR_WRP2A_END) >> FLASH_WRP2AR_WRP2A_END_Pos))
 214              		.loc 1 186 0
 215 0104 C3F30643 		ubfx	r3, r3, #16, #7
 216              	.LVL9:
ARM GAS  /tmp/ccCh1CHa.s 			page 8


 185:Drivers/STM32G4xx_HAL_Driver/Src/stm32g4xx_hal_flash_ramfunc.c ****       if (((reg & FLASH_WRP2AR_WRP2A_STRT) >> FLASH_WRP2AR_WRP2A_STRT_Pos) <=
 217              		.loc 1 185 0
 218 0108 9A42     		cmp	r2, r3
 219 010a 06D8     		bhi	.L14
 187:Drivers/STM32G4xx_HAL_Driver/Src/stm32g4xx_hal_flash_ramfunc.c ****       {
 188:Drivers/STM32G4xx_HAL_Driver/Src/stm32g4xx_hal_flash_ramfunc.c ****         MODIFY_REG(FLASH->WRP2AR, (FLASH_WRP2AR_WRP2A_STRT | FLASH_WRP2AR_WRP2A_END), FLASH_WRP2AR_
 220              		.loc 1 188 0
 221 010c 214A     		ldr	r2, .L19+4
 222 010e D36C     		ldr	r3, [r2, #76]
 223 0110 23F07F13 		bic	r3, r3, #8323199
 224 0114 43F07F03 		orr	r3, r3, #127
 225 0118 D364     		str	r3, [r2, #76]
 226              	.L14:
 189:Drivers/STM32G4xx_HAL_Driver/Src/stm32g4xx_hal_flash_ramfunc.c ****       }
 190:Drivers/STM32G4xx_HAL_Driver/Src/stm32g4xx_hal_flash_ramfunc.c **** 
 191:Drivers/STM32G4xx_HAL_Driver/Src/stm32g4xx_hal_flash_ramfunc.c ****       /* Disable WRP zone B of 2nd bank if needed */
 192:Drivers/STM32G4xx_HAL_Driver/Src/stm32g4xx_hal_flash_ramfunc.c ****       reg = FLASH->WRP2BR;
 227              		.loc 1 192 0
 228 011a 1E4B     		ldr	r3, .L19+4
 229 011c 1B6D     		ldr	r3, [r3, #80]
 230              	.LVL10:
 193:Drivers/STM32G4xx_HAL_Driver/Src/stm32g4xx_hal_flash_ramfunc.c ****       if (((reg & FLASH_WRP2BR_WRP2B_STRT) >> FLASH_WRP2BR_WRP2B_STRT_Pos) <=
 231              		.loc 1 193 0
 232 011e 03F07F02 		and	r2, r3, #127
 194:Drivers/STM32G4xx_HAL_Driver/Src/stm32g4xx_hal_flash_ramfunc.c ****           ((reg & FLASH_WRP2BR_WRP2B_END) >> FLASH_WRP2BR_WRP2B_END_Pos))
 233              		.loc 1 194 0
 234 0122 C3F30643 		ubfx	r3, r3, #16, #7
 235              	.LVL11:
 193:Drivers/STM32G4xx_HAL_Driver/Src/stm32g4xx_hal_flash_ramfunc.c ****       if (((reg & FLASH_WRP2BR_WRP2B_STRT) >> FLASH_WRP2BR_WRP2B_STRT_Pos) <=
 236              		.loc 1 193 0
 237 0126 9A42     		cmp	r2, r3
 238 0128 06D8     		bhi	.L15
 195:Drivers/STM32G4xx_HAL_Driver/Src/stm32g4xx_hal_flash_ramfunc.c ****       {
 196:Drivers/STM32G4xx_HAL_Driver/Src/stm32g4xx_hal_flash_ramfunc.c ****         MODIFY_REG(FLASH->WRP2BR, (FLASH_WRP2BR_WRP2B_STRT | FLASH_WRP2BR_WRP2B_END), FLASH_WRP2BR_
 239              		.loc 1 196 0
 240 012a 1A4A     		ldr	r2, .L19+4
 241 012c 136D     		ldr	r3, [r2, #80]
 242 012e 23F07F13 		bic	r3, r3, #8323199
 243 0132 43F07F03 		orr	r3, r3, #127
 244 0136 1365     		str	r3, [r2, #80]
 245              	.L15:
 197:Drivers/STM32G4xx_HAL_Driver/Src/stm32g4xx_hal_flash_ramfunc.c ****       }
 198:Drivers/STM32G4xx_HAL_Driver/Src/stm32g4xx_hal_flash_ramfunc.c **** 
 199:Drivers/STM32G4xx_HAL_Driver/Src/stm32g4xx_hal_flash_ramfunc.c ****       /* Modify the DBANK user option byte */
 200:Drivers/STM32G4xx_HAL_Driver/Src/stm32g4xx_hal_flash_ramfunc.c ****       MODIFY_REG(FLASH->OPTR, FLASH_OPTR_DBANK, DBankConfig);
 246              		.loc 1 200 0
 247 0138 164A     		ldr	r2, .L19+4
 248 013a 136A     		ldr	r3, [r2, #32]
 249 013c 23F48003 		bic	r3, r3, #4194304
 250 0140 1843     		orrs	r0, r0, r3
 251              	.LVL12:
 252 0142 1062     		str	r0, [r2, #32]
 201:Drivers/STM32G4xx_HAL_Driver/Src/stm32g4xx_hal_flash_ramfunc.c **** 
 202:Drivers/STM32G4xx_HAL_Driver/Src/stm32g4xx_hal_flash_ramfunc.c ****       /* Set OPTSTRT Bit */
 203:Drivers/STM32G4xx_HAL_Driver/Src/stm32g4xx_hal_flash_ramfunc.c ****       SET_BIT(FLASH->CR, FLASH_CR_OPTSTRT);
 253              		.loc 1 203 0
 254 0144 5369     		ldr	r3, [r2, #20]
ARM GAS  /tmp/ccCh1CHa.s 			page 9


 255 0146 43F40033 		orr	r3, r3, #131072
 256 014a 5361     		str	r3, [r2, #20]
 204:Drivers/STM32G4xx_HAL_Driver/Src/stm32g4xx_hal_flash_ramfunc.c **** 
 205:Drivers/STM32G4xx_HAL_Driver/Src/stm32g4xx_hal_flash_ramfunc.c ****       /* Wait for last operation to be completed */
 206:Drivers/STM32G4xx_HAL_Driver/Src/stm32g4xx_hal_flash_ramfunc.c ****       /* 8 is the number of required instruction cycles for the below loop statement (timeout expre
 207:Drivers/STM32G4xx_HAL_Driver/Src/stm32g4xx_hal_flash_ramfunc.c ****       count = FLASH_TIMEOUT_VALUE * (SystemCoreClock / 8U / 1000U);
 257              		.loc 1 207 0
 258 014c 124B     		ldr	r3, .L19+8
 259 014e 1B68     		ldr	r3, [r3]
 260 0150 124A     		ldr	r2, .L19+12
 261 0152 A2FB0323 		umull	r2, r3, r2, r3
 262 0156 5A0A     		lsrs	r2, r3, #9
 263 0158 4FF47A73 		mov	r3, #1000
 264 015c 03FB02F3 		mul	r3, r3, r2
 265              	.LVL13:
 266              	.L17:
 208:Drivers/STM32G4xx_HAL_Driver/Src/stm32g4xx_hal_flash_ramfunc.c ****       do
 209:Drivers/STM32G4xx_HAL_Driver/Src/stm32g4xx_hal_flash_ramfunc.c ****       {
 210:Drivers/STM32G4xx_HAL_Driver/Src/stm32g4xx_hal_flash_ramfunc.c ****         if (count == 0U)
 267              		.loc 1 210 0
 268 0160 2BB1     		cbz	r3, .L16
 211:Drivers/STM32G4xx_HAL_Driver/Src/stm32g4xx_hal_flash_ramfunc.c ****         {
 212:Drivers/STM32G4xx_HAL_Driver/Src/stm32g4xx_hal_flash_ramfunc.c ****           break;
 213:Drivers/STM32G4xx_HAL_Driver/Src/stm32g4xx_hal_flash_ramfunc.c ****         }
 214:Drivers/STM32G4xx_HAL_Driver/Src/stm32g4xx_hal_flash_ramfunc.c ****         count--;
 269              		.loc 1 214 0
 270 0162 013B     		subs	r3, r3, #1
 271              	.LVL14:
 215:Drivers/STM32G4xx_HAL_Driver/Src/stm32g4xx_hal_flash_ramfunc.c ****       }
 216:Drivers/STM32G4xx_HAL_Driver/Src/stm32g4xx_hal_flash_ramfunc.c ****       while (__HAL_FLASH_GET_FLAG(FLASH_FLAG_BSY) != RESET);
 272              		.loc 1 216 0
 273 0164 0B4A     		ldr	r2, .L19+4
 274 0166 1269     		ldr	r2, [r2, #16]
 275 0168 12F4803F 		tst	r2, #65536
 276 016c F8D1     		bne	.L17
 277              	.L16:
 217:Drivers/STM32G4xx_HAL_Driver/Src/stm32g4xx_hal_flash_ramfunc.c **** 
 218:Drivers/STM32G4xx_HAL_Driver/Src/stm32g4xx_hal_flash_ramfunc.c ****       /* If the option byte program operation is completed, disable the OPTSTRT Bit */
 219:Drivers/STM32G4xx_HAL_Driver/Src/stm32g4xx_hal_flash_ramfunc.c ****       CLEAR_BIT(FLASH->CR, FLASH_CR_OPTSTRT);
 278              		.loc 1 219 0
 279 016e 094B     		ldr	r3, .L19+4
 280              	.LVL15:
 281 0170 5A69     		ldr	r2, [r3, #20]
 282 0172 22F40032 		bic	r2, r2, #131072
 283 0176 5A61     		str	r2, [r3, #20]
 220:Drivers/STM32G4xx_HAL_Driver/Src/stm32g4xx_hal_flash_ramfunc.c **** 
 221:Drivers/STM32G4xx_HAL_Driver/Src/stm32g4xx_hal_flash_ramfunc.c ****       /* Set the bit to force the option byte reloading */
 222:Drivers/STM32G4xx_HAL_Driver/Src/stm32g4xx_hal_flash_ramfunc.c ****       SET_BIT(FLASH->CR, FLASH_CR_OBL_LAUNCH);
 284              		.loc 1 222 0
 285 0178 5A69     		ldr	r2, [r3, #20]
 286 017a 42F00062 		orr	r2, r2, #134217728
 287 017e 5A61     		str	r2, [r3, #20]
 288              	.L9:
 223:Drivers/STM32G4xx_HAL_Driver/Src/stm32g4xx_hal_flash_ramfunc.c ****     }
 224:Drivers/STM32G4xx_HAL_Driver/Src/stm32g4xx_hal_flash_ramfunc.c ****   }
 225:Drivers/STM32G4xx_HAL_Driver/Src/stm32g4xx_hal_flash_ramfunc.c **** 
 226:Drivers/STM32G4xx_HAL_Driver/Src/stm32g4xx_hal_flash_ramfunc.c ****   /* Process Unlocked */
ARM GAS  /tmp/ccCh1CHa.s 			page 10


 227:Drivers/STM32G4xx_HAL_Driver/Src/stm32g4xx_hal_flash_ramfunc.c ****   __HAL_UNLOCK(&pFlash);
 289              		.loc 1 227 0
 290 0180 034B     		ldr	r3, .L19
 291 0182 0022     		movs	r2, #0
 292 0184 1A70     		strb	r2, [r3]
 228:Drivers/STM32G4xx_HAL_Driver/Src/stm32g4xx_hal_flash_ramfunc.c **** 
 229:Drivers/STM32G4xx_HAL_Driver/Src/stm32g4xx_hal_flash_ramfunc.c ****   return status;
 293              		.loc 1 229 0
 294 0186 0120     		movs	r0, #1
 295 0188 7047     		bx	lr
 296              	.LVL16:
 297              	.L18:
 137:Drivers/STM32G4xx_HAL_Driver/Src/stm32g4xx_hal_flash_ramfunc.c **** 
 298              		.loc 1 137 0
 299 018a 0220     		movs	r0, #2
 300              	.LVL17:
 230:Drivers/STM32G4xx_HAL_Driver/Src/stm32g4xx_hal_flash_ramfunc.c **** }
 301              		.loc 1 230 0
 302 018c 7047     		bx	lr
 303              	.L20:
 304 018e 00BF     		.align	2
 305              	.L19:
 306 0190 00000000 		.word	pFlash
 307 0194 00200240 		.word	1073881088
 308 0198 00000000 		.word	SystemCoreClock
 309 019c D34D6210 		.word	274877907
 310              		.cfi_endproc
 311              	.LFE134:
 313              		.text
 314              	.Letext0:
 315              		.file 2 "/usr/include/newlib/machine/_default_types.h"
 316              		.file 3 "/usr/include/newlib/sys/_stdint.h"
 317              		.file 4 "Drivers/CMSIS/Include/core_cm4.h"
 318              		.file 5 "Drivers/CMSIS/Device/ST/STM32G4xx/Include/system_stm32g4xx.h"
 319              		.file 6 "Drivers/CMSIS/Device/ST/STM32G4xx/Include/stm32g474xx.h"
 320              		.file 7 "Drivers/CMSIS/Device/ST/STM32G4xx/Include/stm32g4xx.h"
 321              		.file 8 "Drivers/STM32G4xx_HAL_Driver/Inc/stm32g4xx_hal_def.h"
 322              		.file 9 "Drivers/STM32G4xx_HAL_Driver/Inc/stm32g4xx_hal_flash.h"
 323              		.file 10 "Drivers/STM32G4xx_HAL_Driver/Inc/stm32g4xx_hal_uart.h"
 324              		.file 11 "Drivers/STM32G4xx_HAL_Driver/Inc/stm32g4xx_hal.h"
ARM GAS  /tmp/ccCh1CHa.s 			page 11


DEFINED SYMBOLS
                            *ABS*:0000000000000000 stm32g4xx_hal_flash_ramfunc.c
     /tmp/ccCh1CHa.s:18     .RamFunc:0000000000000000 $t
     /tmp/ccCh1CHa.s:25     .RamFunc:0000000000000000 HAL_FLASHEx_EnableRunPowerDown
     /tmp/ccCh1CHa.s:48     .RamFunc:0000000000000018 $d
     /tmp/ccCh1CHa.s:54     .RamFunc:0000000000000024 $t
     /tmp/ccCh1CHa.s:61     .RamFunc:0000000000000024 HAL_FLASHEx_DisableRunPowerDown
     /tmp/ccCh1CHa.s:83     .RamFunc:000000000000003c $d
     /tmp/ccCh1CHa.s:89     .RamFunc:0000000000000048 $t
     /tmp/ccCh1CHa.s:96     .RamFunc:0000000000000048 HAL_FLASHEx_OB_DBankConfig
     /tmp/ccCh1CHa.s:306    .RamFunc:0000000000000190 $d

UNDEFINED SYMBOLS
pFlash
SystemCoreClock
